Using pre-set license
Built from '2020.2/release' branch; Version is '2020.2.4f1 (becced5a802b) revision 12504301'; Using compiler version '192528614'; Build Type 'Release'
OS: 'Windows 10 Home Single Language; OS build 19042.804; Version 2009; 64bit' Language: 'en' Physical Memory: 10178 MB
BatchMode: 1, IsHumanControllingUs: 0, StartBugReporterOnCrash: 0, Is64bit: 1, IsPro: 0

 COMMAND LINE ARGUMENTS:
C:\Program Files\Unity\Hub\Editor\2020.2.4f1\Editor\Unity.exe
-adb2
-batchMode
-noUpm
-name
AssetImportWorker0
-projectPath
D:/Data/Data/Tugas/semester 6/Praktek Multiplayer 3D/Unity/Mockup.io
-logFile
Logs/AssetImportWorker0.log
-srvPort
1483
Successfully changed project path to: D:/Data/Data/Tugas/semester 6/Praktek Multiplayer 3D/Unity/Mockup.io
D:/Data/Data/Tugas/semester 6/Praktek Multiplayer 3D/Unity/Mockup.io
Using Asset Import Pipeline V2.
Refreshing native plugins compatible for Editor in 37.17 ms, found 0 plugins.
Preloading 0 native plugins for Editor in 0.00 ms.
Initialize engine version: 2020.2.4f1 (becced5a802b)
[Subsystems] Discovering subsystems at path C:/Program Files/Unity/Hub/Editor/2020.2.4f1/Editor/Data/Resources/UnitySubsystems
[Subsystems] Discovering subsystems at path D:/Data/Data/Tugas/semester 6/Praktek Multiplayer 3D/Unity/Mockup.io/Assets
GfxDevice: creating device client; threaded=0
Direct3D:
    Version:  Direct3D 11.0 [level 11.1]
    Renderer: Radeon RX 560X Series (ID=0x67ef)
    Vendor:   
    VRAM:     4077 MB
    Driver:   27.20.14501.18003
Initialize mono
Mono path[0] = 'C:/Program Files/Unity/Hub/Editor/2020.2.4f1/Editor/Data/Managed'
Mono path[1] = 'C:/Program Files/Unity/Hub/Editor/2020.2.4f1/Editor/Data/MonoBleedingEdge/lib/mono/unityjit'
Mono config path = 'C:/Program Files/Unity/Hub/Editor/2020.2.4f1/Editor/Data/MonoBleedingEdge/etc'
Using monoOptions --debugger-agent=transport=dt_socket,embedding=1,server=y,suspend=n,address=127.0.0.1:56484
Begin MonoManager ReloadAssembly
Registering precompiled unity dll's ...
Register platform support module: C:/Program Files/Unity/Hub/Editor/2020.2.4f1/Editor/Data/PlaybackEngines/WindowsStandaloneSupport/UnityEditor.WindowsStandalone.Extensions.dll
Registered in 0.005999 seconds.
Native extension for WindowsStandalone target not found
Refreshing native plugins compatible for Editor in 26.68 ms, found 0 plugins.
Preloading 0 native plugins for Editor in 0.00 ms.
Invoked RoslynAnalysisRunner static constructor.
RoslynAnalysisRunner will not be running.
RoslynAnalysisRunner has terminated.
Mono: successfully reloaded assembly
- Completed reload, in  2.224 seconds
Platform modules already initialized, skipping
Registering precompiled user dll's ...
Registered in 0.000848 seconds.
Begin MonoManager ReloadAssembly
Native extension for WindowsStandalone target not found
Refreshing native plugins compatible for Editor in 0.31 ms, found 0 plugins.
Preloading 0 native plugins for Editor in 0.00 ms.
Invoked RoslynAnalysisRunner static constructor.
RoslynAnalysisRunner will not be running.
RoslynAnalysisRunner has terminated.
Mono: successfully reloaded assembly
- Completed reload, in  1.143 seconds
Platform modules already initialized, skipping
========================================================================
Worker process is ready to serve import requests
Launched and connected shader compiler UnityShaderCompiler.exe after 0.10 seconds
Refreshing native plugins compatible for Editor in 0.27 ms, found 0 plugins.
Preloading 0 native plugins for Editor in 0.00 ms.
Unloading 1106 Unused Serialized files (Serialized files now loaded: 0)
System memory in use before: 56.7 MB.
System memory in use after: 56.8 MB.

Unloading 10 unused Assets to reduce memory usage. Loaded Objects now: 1547.
Total: 2.314700 ms (FindLiveObjects: 0.212600 ms CreateObjectMapping: 0.047400 ms MarkObjects: 1.951200 ms  DeleteObjects: 0.101900 ms)

========================================================================
Received Import Request.
  path: Assets/xbot@Running.fbx
  artifactKey: Guid(8ed6e68f08d71c544b79b8a491bb82d5) Importer(815301076,1909f56bfc062723c751e8b465ee728b)
Start importing Assets/xbot@Running.fbx using Guid(8ed6e68f08d71c544b79b8a491bb82d5) Importer(815301076,1909f56bfc062723c751e8b465ee728b)  -> (artifact id: 'c435ab60e63a539f44b79feffa70280a') in 0.373213 seconds
  Import took 0.377396 seconds .

========================================================================
Received Import Request.
  Time since last request: 0.000478 seconds.
  path: Assets/xbot@Standing Melee Attack 360 High.fbx
  artifactKey: Guid(beb3165a10733f74e85eb56dceb9260a) Importer(815301076,1909f56bfc062723c751e8b465ee728b)
Start importing Assets/xbot@Standing Melee Attack 360 High.fbx using Guid(beb3165a10733f74e85eb56dceb9260a) Importer(815301076,1909f56bfc062723c751e8b465ee728b)  -> (artifact id: 'f7e77424bbf38de5076353d1fbd07d98') in 0.076106 seconds
  Import took 0.079913 seconds .

========================================================================
Received Import Request.
  Time since last request: 0.035366 seconds.
  path: Assets/xbot@Running.fbx
  artifactKey: Guid(8ed6e68f08d71c544b79b8a491bb82d5) Importer(815301076,1909f56bfc062723c751e8b465ee728b)
Start importing Assets/xbot@Running.fbx using Guid(8ed6e68f08d71c544b79b8a491bb82d5) Importer(815301076,1909f56bfc062723c751e8b465ee728b)  -> (artifact id: 'c435ab60e63a539f44b79feffa70280a') in 0.071218 seconds
  Import took 0.075011 seconds .

========================================================================
Received Prepare
Registering precompiled user dll's ...
Registered in 0.000912 seconds.
Begin MonoManager ReloadAssembly
Native extension for WindowsStandalone target not found
Refreshing native plugins compatible for Editor in 0.30 ms, found 0 plugins.
Preloading 0 native plugins for Editor in 0.00 ms.
Invoked RoslynAnalysisRunner static constructor.
RoslynAnalysisRunner will not be running.
RoslynAnalysisRunner has terminated.
Mono: successfully reloaded assembly
- Completed reload, in  1.647 seconds
Platform modules already initialized, skipping
Refreshing native plugins compatible for Editor in 0.66 ms, found 0 plugins.
Preloading 0 native plugins for Editor in 0.00 ms.
Unloading 1101 Unused Serialized files (Serialized files now loaded: 0)
System memory in use before: 74.2 MB.
System memory in use after: 74.3 MB.

Unloading 5 unused Assets to reduce memory usage. Loaded Objects now: 1593.
Total: 3.521200 ms (FindLiveObjects: 0.347400 ms CreateObjectMapping: 0.041100 ms MarkObjects: 3.047000 ms  DeleteObjects: 0.083800 ms)

========================================================================
Received Import Request.
  Time since last request: 222.427193 seconds.
  path: Assets/xbot@Breathing Idle.fbx
  artifactKey: Guid(62b9caa587add9747bad6e5dc79cb2bf) Importer(815301076,1909f56bfc062723c751e8b465ee728b)
Start importing Assets/xbot@Breathing Idle.fbx using Guid(62b9caa587add9747bad6e5dc79cb2bf) Importer(815301076,1909f56bfc062723c751e8b465ee728b)  -> (artifact id: 'cb68fd9150b1befbd1935d113123a8be') in 0.178461 seconds
  Import took 0.183110 seconds .

========================================================================
Received Import Request.
  Time since last request: 83.941008 seconds.
  path: Assets/Idle.controller
  artifactKey: Guid(c302b3cee4458264ca39603c04f9dc6c) Importer(815301076,1909f56bfc062723c751e8b465ee728b)
Start importing Assets/Idle.controller using Guid(c302b3cee4458264ca39603c04f9dc6c) Importer(815301076,1909f56bfc062723c751e8b465ee728b)  -> (artifact id: '67054c6bfa270af25ceb66dcda762c05') in 0.023046 seconds
  Import took 0.026166 seconds .

========================================================================
Received Import Request.
  Time since last request: 12.663331 seconds.
  path: Assets/Animation.controller
  artifactKey: Guid(c302b3cee4458264ca39603c04f9dc6c) Importer(815301076,1909f56bfc062723c751e8b465ee728b)
Start importing Assets/Animation.controller using Guid(c302b3cee4458264ca39603c04f9dc6c) Importer(815301076,1909f56bfc062723c751e8b465ee728b)  -> (artifact id: 'c7f9c12d8c531cbe9076d301a9117115') in 0.013401 seconds
  Import took 0.016439 seconds .

========================================================================
Received Import Request.
  Time since last request: 79.162201 seconds.
  path: Assets/Breathing Idle.anim
  artifactKey: Guid(5c29e26323014e7469c2f4d1070f372e) Importer(815301076,1909f56bfc062723c751e8b465ee728b)
Start importing Assets/Breathing Idle.anim using Guid(5c29e26323014e7469c2f4d1070f372e) Importer(815301076,1909f56bfc062723c751e8b465ee728b)  -> (artifact id: 'd4b8a5f57fb5e91d7a725c555a7426ca') in 0.025102 seconds
  Import took 0.028076 seconds .

========================================================================
Received Import Request.
  Time since last request: 10.759258 seconds.
  path: Assets/Idle.anim
  artifactKey: Guid(5c29e26323014e7469c2f4d1070f372e) Importer(815301076,1909f56bfc062723c751e8b465ee728b)
Start importing Assets/Idle.anim using Guid(5c29e26323014e7469c2f4d1070f372e) Importer(815301076,1909f56bfc062723c751e8b465ee728b)  -> (artifact id: '091417f7a6711dbe34b5eda1cdf50e69') in 0.014880 seconds
  Import took 0.017639 seconds .

========================================================================
Received Import Request.
  Time since last request: 9.088752 seconds.
  path: Assets/Running.anim
  artifactKey: Guid(c052ffe194932a94baab1394bc9f5fd9) Importer(815301076,1909f56bfc062723c751e8b465ee728b)
Start importing Assets/Running.anim using Guid(c052ffe194932a94baab1394bc9f5fd9) Importer(815301076,1909f56bfc062723c751e8b465ee728b)  -> (artifact id: '3aeacae3592db295ad83038a369501f9') in 0.019125 seconds
  Import took 0.022379 seconds .

========================================================================
Received Import Request.
  Time since last request: 6.297510 seconds.
  path: Assets/Standing Melee Attack 360 High.anim
  artifactKey: Guid(59f0d7d8e17fb824394ccdf487b966c2) Importer(815301076,1909f56bfc062723c751e8b465ee728b)
Start importing Assets/Standing Melee Attack 360 High.anim using Guid(59f0d7d8e17fb824394ccdf487b966c2) Importer(815301076,1909f56bfc062723c751e8b465ee728b)  -> (artifact id: '412ce79ff2ddca7f73a21b205fbc3aed') in 0.024575 seconds
  Import took 0.028621 seconds .

========================================================================
Received Import Request.
  Time since last request: 14.509036 seconds.
  path: Assets/Spin.anim
  artifactKey: Guid(59f0d7d8e17fb824394ccdf487b966c2) Importer(815301076,1909f56bfc062723c751e8b465ee728b)
Start importing Assets/Spin.anim using Guid(59f0d7d8e17fb824394ccdf487b966c2) Importer(815301076,1909f56bfc062723c751e8b465ee728b)  -> (artifact id: '443cbddd57cff54166599c4543620e81') in 0.037326 seconds
  Import took 0.041542 seconds .

========================================================================
Received Prepare
Registering precompiled user dll's ...
Registered in 0.001347 seconds.
Begin MonoManager ReloadAssembly
Native extension for WindowsStandalone target not found
Refreshing native plugins compatible for Editor in 0.50 ms, found 0 plugins.
Preloading 0 native plugins for Editor in 0.00 ms.
Invoked RoslynAnalysisRunner static constructor.
RoslynAnalysisRunner will not be running.
RoslynAnalysisRunner has terminated.
Mono: successfully reloaded assembly
- Completed reload, in  1.287 seconds
Platform modules already initialized, skipping
Refreshing native plugins compatible for Editor in 0.77 ms, found 0 plugins.
Preloading 0 native plugins for Editor in 0.00 ms.
Unloading 1101 Unused Serialized files (Serialized files now loaded: 0)
System memory in use before: 74.3 MB.
System memory in use after: 74.3 MB.

Unloading 5 unused Assets to reduce memory usage. Loaded Objects now: 1596.
Total: 6.313500 ms (FindLiveObjects: 0.861800 ms CreateObjectMapping: 0.260900 ms MarkObjects: 4.949800 ms  DeleteObjects: 0.237100 ms)

========================================================================
Received Prepare
Registering precompiled user dll's ...
Registered in 0.001180 seconds.
Begin MonoManager ReloadAssembly
Native extension for WindowsStandalone target not found
Refreshing native plugins compatible for Editor in 0.28 ms, found 0 plugins.
Preloading 0 native plugins for Editor in 0.00 ms.
Invoked RoslynAnalysisRunner static constructor.
RoslynAnalysisRunner will not be running.
RoslynAnalysisRunner has terminated.
Mono: successfully reloaded assembly
- Completed reload, in  1.137 seconds
Platform modules already initialized, skipping
Refreshing native plugins compatible for Editor in 0.25 ms, found 0 plugins.
Preloading 0 native plugins for Editor in 0.00 ms.
Unloading 1101 Unused Serialized files (Serialized files now loaded: 0)
System memory in use before: 74.3 MB.
System memory in use after: 74.4 MB.

Unloading 5 unused Assets to reduce memory usage. Loaded Objects now: 1598.
Total: 3.241300 ms (FindLiveObjects: 0.286400 ms CreateObjectMapping: 0.089400 ms MarkObjects: 2.775600 ms  DeleteObjects: 0.086200 ms)

========================================================================
Received Prepare
Registering precompiled user dll's ...
Registered in 0.001524 seconds.
Begin MonoManager ReloadAssembly
Native extension for WindowsStandalone target not found
Refreshing native plugins compatible for Editor in 0.45 ms, found 0 plugins.
Preloading 0 native plugins for Editor in 0.00 ms.
Invoked RoslynAnalysisRunner static constructor.
RoslynAnalysisRunner will not be running.
RoslynAnalysisRunner has terminated.
Mono: successfully reloaded assembly
- Completed reload, in  1.282 seconds
Platform modules already initialized, skipping
Refreshing native plugins compatible for Editor in 0.45 ms, found 0 plugins.
Preloading 0 native plugins for Editor in 0.00 ms.
Unloading 1101 Unused Serialized files (Serialized files now loaded: 0)
System memory in use before: 74.3 MB.
System memory in use after: 74.4 MB.

Unloading 5 unused Assets to reduce memory usage. Loaded Objects now: 1600.
Total: 2.769300 ms (FindLiveObjects: 0.286900 ms CreateObjectMapping: 0.047300 ms MarkObjects: 2.314400 ms  DeleteObjects: 0.117500 ms)

========================================================================
Received Prepare
Registering precompiled user dll's ...
Registered in 0.001463 seconds.
Begin MonoManager ReloadAssembly
Native extension for WindowsStandalone target not found
Refreshing native plugins compatible for Editor in 0.42 ms, found 0 plugins.
Preloading 0 native plugins for Editor in 0.00 ms.
Invoked RoslynAnalysisRunner static constructor.
RoslynAnalysisRunner will not be running.
RoslynAnalysisRunner has terminated.
Mono: successfully reloaded assembly
- Completed reload, in  1.120 seconds
Platform modules already initialized, skipping
Refreshing native plugins compatible for Editor in 0.23 ms, found 0 plugins.
Preloading 0 native plugins for Editor in 0.00 ms.
Unloading 1101 Unused Serialized files (Serialized files now loaded: 0)
System memory in use before: 74.3 MB.
System memory in use after: 74.4 MB.

Unloading 5 unused Assets to reduce memory usage. Loaded Objects now: 1602.
Total: 2.331600 ms (FindLiveObjects: 0.200100 ms CreateObjectMapping: 0.037700 ms MarkObjects: 2.011200 ms  DeleteObjects: 0.080500 ms)

========================================================================
Received Prepare
Registering precompiled user dll's ...
Registered in 0.001470 seconds.
Begin MonoManager ReloadAssembly
Native extension for WindowsStandalone target not found
Refreshing native plugins compatible for Editor in 0.36 ms, found 0 plugins.
Preloading 0 native plugins for Editor in 0.00 ms.
Invoked RoslynAnalysisRunner static constructor.
RoslynAnalysisRunner will not be running.
RoslynAnalysisRunner has terminated.
Mono: successfully reloaded assembly
- Completed reload, in  1.256 seconds
Platform modules already initialized, skipping
Refreshing native plugins compatible for Editor in 0.32 ms, found 0 plugins.
Preloading 0 native plugins for Editor in 0.00 ms.
Unloading 1101 Unused Serialized files (Serialized files now loaded: 0)
System memory in use before: 74.3 MB.
System memory in use after: 74.4 MB.

Unloading 5 unused Assets to reduce memory usage. Loaded Objects now: 1604.
Total: 2.414300 ms (FindLiveObjects: 0.224100 ms CreateObjectMapping: 0.045900 ms MarkObjects: 2.062900 ms  DeleteObjects: 0.079200 ms)

========================================================================
Received Prepare
Registering precompiled user dll's ...
Registered in 0.001126 seconds.
Begin MonoManager ReloadAssembly
Native extension for WindowsStandalone target not found
Refreshing native plugins compatible for Editor in 0.32 ms, found 0 plugins.
Preloading 0 native plugins for Editor in 0.00 ms.
Invoked RoslynAnalysisRunner static constructor.
RoslynAnalysisRunner will not be running.
RoslynAnalysisRunner has terminated.
Mono: successfully reloaded assembly
- Completed reload, in  1.042 seconds
Platform modules already initialized, skipping
Refreshing native plugins compatible for Editor in 0.32 ms, found 0 plugins.
Preloading 0 native plugins for Editor in 0.00 ms.
Unloading 1101 Unused Serialized files (Serialized files now loaded: 0)
System memory in use before: 74.4 MB.
System memory in use after: 74.4 MB.

Unloading 5 unused Assets to reduce memory usage. Loaded Objects now: 1606.
Total: 3.305900 ms (FindLiveObjects: 0.458200 ms CreateObjectMapping: 0.094500 ms MarkObjects: 2.660400 ms  DeleteObjects: 0.090000 ms)

========================================================================
Received Prepare
Registering precompiled user dll's ...
Registered in 0.001221 seconds.
Begin MonoManager ReloadAssembly
Native extension for WindowsStandalone target not found
Refreshing native plugins compatible for Editor in 0.26 ms, found 0 plugins.
Preloading 0 native plugins for Editor in 0.00 ms.
Invoked RoslynAnalysisRunner static constructor.
RoslynAnalysisRunner will not be running.
RoslynAnalysisRunner has terminated.
Mono: successfully reloaded assembly
- Completed reload, in  1.181 seconds
Platform modules already initialized, skipping
Refreshing native plugins compatible for Editor in 0.24 ms, found 0 plugins.
Preloading 0 native plugins for Editor in 0.00 ms.
Unloading 1101 Unused Serialized files (Serialized files now loaded: 0)
System memory in use before: 74.4 MB.
System memory in use after: 74.4 MB.

Unloading 5 unused Assets to reduce memory usage. Loaded Objects now: 1608.
Total: 4.197000 ms (FindLiveObjects: 0.395300 ms CreateObjectMapping: 0.128500 ms MarkObjects: 3.566200 ms  DeleteObjects: 0.103600 ms)

AssetImportWorkerClient::OnTransportError - code=2 error=End of file
